<?xml version="1.0" encoding="UTF-8"?>
<!-- Generated by org.testng.reporters.JUnitXMLReporter -->
<testsuite ignored="0" hostname="PavanKalyan" failures="0" tests="3" name="Test" time="60.885" errors="0" timestamp="2024-06-14T10:17:03 IST">
  <testcase classname="com.vTiger.crm.contactTest.CreateContactTest" name="createContactTest" time="9.917"/>
  <testcase classname="com.vTiger.crm.contactTest.CreateContactTest" name="createContactWithOrg" time="19.112"/>
  <testcase classname="com.vTiger.crm.contactTest.CreateContactTest" name="createContactWithSupportDate" time="9.409"/>
</testsuite> <!-- Test -->
