<?xml version="1.0" encoding="UTF-8"?>
<!-- Generated by org.testng.reporters.JUnitXMLReporter -->
<testsuite ignored="2" hostname="PavanKalyan" failures="0" tests="1" name="Default test" time="19.225" errors="0" timestamp="2024-06-17T13:19:32 IST">
  <testcase classname="com.vTiger.crm.orgTest.CreateOrgTest" name="createOrgTest" time="10.37"/>
  <testcase classname="com.vTiger.crm.orgTest.CreateOrgTest" name="createOrgWithIndustries" time="0.0">
    <ignored/>
  </testcase> <!-- createOrgWithIndustries -->
  <testcase classname="com.vTiger.crm.orgTest.CreateOrgTest" name="createOrgwithPhoneNumber" time="0.0">
    <ignored/>
  </testcase> <!-- createOrgwithPhoneNumber -->
</testsuite> <!-- Default test -->
