<?xml version="1.0" encoding="UTF-8"?>
<testng-results ignored="0" total="0" passed="0" failed="0" skipped="0">
  <reporter-output>
  </reporter-output>
  <suite started-at="2024-06-17T14:35:08 IST" name="Suite" finished-at="2024-06-17T14:35:08 IST" duration-ms="0">
    <groups>
      <group name="regressionTest">
        <method signature="CreateOrgTest.createOrgTest()[pri:0, instance:com.vTiger.crm.orgTest.CreateOrgTest@7c37508a]" name="createOrgTest" class="com.vTiger.crm.orgTest.CreateOrgTest"/>
        <method signature="CreateOrgTest.createOrgWithIndustries()[pri:0, instance:com.vTiger.crm.orgTest.CreateOrgTest@7c37508a]" name="createOrgWithIndustries" class="com.vTiger.crm.orgTest.CreateOrgTest"/>
        <method signature="CreateOrgTest.createOrgwithPhoneNumber()[pri:0, instance:com.vTiger.crm.orgTest.CreateOrgTest@7c37508a]" name="createOrgwithPhoneNumber" class="com.vTiger.crm.orgTest.CreateOrgTest"/>
        <method signature="CreateOrgTest.createOrgTest()[pri:0, instance:com.vTiger.crm.orgTest.CreateOrgTest@57bc27f5]" name="createOrgTest" class="com.vTiger.crm.orgTest.CreateOrgTest"/>
        <method signature="CreateOrgTest.createOrgWithIndustries()[pri:0, instance:com.vTiger.crm.orgTest.CreateOrgTest@57bc27f5]" name="createOrgWithIndustries" class="com.vTiger.crm.orgTest.CreateOrgTest"/>
        <method signature="CreateOrgTest.createOrgwithPhoneNumber()[pri:0, instance:com.vTiger.crm.orgTest.CreateOrgTest@57bc27f5]" name="createOrgwithPhoneNumber" class="com.vTiger.crm.orgTest.CreateOrgTest"/>
      </group> <!-- regressionTest -->
      <group name="smokeTest">
        <method signature="CreateOrgTest.createOrgTest()[pri:0, instance:com.vTiger.crm.orgTest.CreateOrgTest@7c37508a]" name="createOrgTest" class="com.vTiger.crm.orgTest.CreateOrgTest"/>
        <method signature="CreateOrgTest.createOrgTest()[pri:0, instance:com.vTiger.crm.orgTest.CreateOrgTest@57bc27f5]" name="createOrgTest" class="com.vTiger.crm.orgTest.CreateOrgTest"/>
      </group> <!-- smokeTest -->
    </groups>
  </suite> <!-- Suite -->
</testng-results>
